2022-12-27 19:14:34,089 INFO: --Program started--
2022-12-27 19:14:36,511 INFO: User input 100
2022-12-27 19:14:37,010 INFO: User input 10
2022-12-27 19:14:37,010 INFO: 100 numbers, 10 attempts
2022-12-27 19:14:37,010 INFO: Answer is 27
2022-12-27 19:14:38,109 INFO: User input 50
2022-12-27 19:14:38,109 INFO: Try 1: 50
2022-12-27 19:14:39,559 INFO: User input 30
2022-12-27 19:14:39,559 INFO: Try 2: 30
2022-12-27 19:14:40,888 INFO: User input 20
2022-12-27 19:14:40,888 INFO: Try 3: 20
2022-12-27 19:14:43,343 INFO: User input 25
2022-12-27 19:14:43,343 INFO: Try 4: 25
2022-12-27 19:14:44,903 INFO: User input 27
2022-12-27 19:14:44,903 INFO: Try 5: 27
2022-12-27 19:14:44,904 INFO: Victory
2022-12-27 19:14:44,904 INFO: --Program finished--
2022-12-27 19:15:47,221 INFO: --Program started--
2022-12-27 19:15:50,178 INFO: User input 7
2022-12-27 19:15:50,845 INFO: User input 3
2022-12-27 19:15:50,845 INFO: 7 numbers, 3 attempts
2022-12-27 19:15:50,845 INFO: Answer is 6
2022-12-27 19:15:52,087 INFO: User input 5
2022-12-27 19:15:52,087 INFO: Try 1: 5
2022-12-27 19:15:53,418 INFO: User input 6
2022-12-27 19:15:53,418 INFO: Try 2: 6
2022-12-27 19:15:53,418 INFO: Victory
2022-12-27 19:15:53,418 INFO: --Program finished--
2022-12-27 19:16:17,550 INFO: --Program started--
2022-12-27 19:16:20,694 INFO: User input 10
2022-12-27 19:16:22,452 INFO: User input 5
2022-12-27 19:16:22,452 INFO: 10 numbers, 5 attempts
2022-12-27 19:16:22,452 INFO: Answer is 7
2022-12-27 19:16:23,573 INFO: User input 2
2022-12-27 19:16:23,573 INFO: Try 1: 2
2022-12-27 19:16:25,132 INFO: User input 3
2022-12-27 19:16:25,132 INFO: Try 2: 3
2022-12-27 19:16:26,297 INFO: User input 4
2022-12-27 19:16:26,297 INFO: Try 3: 4
2022-12-27 19:16:27,682 INFO: User input 5
2022-12-27 19:16:27,682 INFO: Try 4: 5
2022-12-27 19:16:29,220 INFO: User input 6
2022-12-27 19:16:29,220 INFO: Try 5: 6
2022-12-27 19:16:29,220 INFO: Defeat, out of attempts
2022-12-27 19:16:29,220 INFO: --Program finished--
